<?xml version="1.0" encoding="UTF-8"?>
<!-- Generated by org.testng.reporters.JUnitXMLReporter -->
<testsuite hostname="Divya" ignored="0" name="Test" tests="5" failures="0" timestamp="22 Jun 2023 11:29:34 GMT" time="20.748" errors="0">
  <testcase name="testCase6" time="14.014" classname="org.testing.testScripts.TC6_Post_RealApi"/>
  <testcase name="testCase7" time="1.702" classname="org.testing.testScripts.TC7_Get_ALL_RealApi"/>
  <testcase name="testCase8" time="1.669" classname="org.testing.testScripts.TC8_Get_Particular_RealApi"/>
  <testcase name="testCase9" time="1.673" classname="org.testing.testScripts.TC9_Update_RealApi"/>
  <testcase name="testCase10" time="1.668" classname="org.testing.testScripts.TC10_Delete_RealApi"/>
</testsuite> <!-- Test -->
