<?xml version="1.0" encoding="UTF-8"?>
<!-- Generated by org.testng.reporters.JUnitXMLReporter -->
<testsuite hostname="Divya" ignored="0" name="Test" tests="9" failures="1" timestamp="22 Jun 2023 10:50:28 GMT" time="20.628" errors="0">
  <testcase name="testCase1" time="0.943" classname="org.testing.testScripts.TC_1a_Postrequest_Random"/>
  <testcase name="testcase3" time="0.05" classname="org.testing.testScripts.TC3_GetParticularRecord"/>
  <testcase name="testcase4" time="0.031" classname="org.testing.testScripts.TC4_UpdateRecord"/>
  <testcase name="testcase5" time="0.029" classname="org.testing.testScripts.TC5_DeleteRequest"/>
  <testcase name="testCase6" time="12.745" classname="org.testing.testScripts.TC6_Post_RealApi"/>
  <testcase name="testCase7" time="1.656" classname="org.testing.testScripts.TC7_Get_ALL_RealApi">
    <failure type="org.json.JSONException" message="A JSONObject text must begin with &amp;apos;{&amp;apos; at 1 [character 2 line 1]">
      <![CDATA[org.json.JSONException: A JSONObject text must begin with '{' at 1 [character 2 line 1]
	at org.json.JSONTokener.syntaxError(JSONTokener.java:501)
	at org.json.JSONObject.<init>(JSONObject.java:208)
	at org.json.JSONObject.<init>(JSONObject.java:404)
	at org.testing.utilities.JsonParsingUsingorgJson.realparseReponse(JsonParsingUsingorgJson.java:30)
	at org.testing.testScripts.TC7_Get_ALL_RealApi.testCase7(TC7_Get_ALL_RealApi.java:26)
... Removed 25 stack frames]]>
    </failure>
  </testcase> <!-- testCase7 -->
  <testcase name="testCase8" time="1.81" classname="org.testing.testScripts.TC8_Get_Particular_RealApi"/>
  <testcase name="testCase9" time="1.65" classname="org.testing.testScripts.TC9_Update_RealApi"/>
  <testcase name="testCase10" time="1.691" classname="org.testing.testScripts.TC10_Delete_RealApi"/>
</testsuite> <!-- Test -->
