<?xml version="1.0" encoding="UTF-8"?>
<testng-results skipped="0" failed="1" ignored="0" total="9" passed="8">
  <reporter-output>
  </reporter-output>
  <suite name="Suite" duration-ms="20628" started-at="2023-06-22T10:50:07Z" finished-at="2023-06-22T10:50:28Z">
    <groups>
    </groups>
    <test name="Test" duration-ms="20628" started-at="2023-06-22T10:50:07Z" finished-at="2023-06-22T10:50:28Z">
      <class name="org.testing.testScripts.TC7_Get_ALL_RealApi">
        <test-method status="FAIL" signature="testCase7()[pri:0, instance:org.testing.testScripts.TC7_Get_ALL_RealApi@123f1134]" name="testCase7" duration-ms="1656" started-at="2023-06-22T16:20:21Z" finished-at="2023-06-22T16:20:23Z">
          <exception class="org.json.JSONException">
            <message>
              <![CDATA[A JSONObject text must begin with '{' at 1 [character 2 line 1]]]>
            </message>
            <full-stacktrace>
              <![CDATA[org.json.JSONException: A JSONObject text must begin with '{' at 1 [character 2 line 1]
	at org.json.JSONTokener.syntaxError(JSONTokener.java:501)
	at org.json.JSONObject.<init>(JSONObject.java:208)
	at org.json.JSONObject.<init>(JSONObject.java:404)
	at org.testing.utilities.JsonParsingUsingorgJson.realparseReponse(JsonParsingUsingorgJson.java:30)
	at org.testing.testScripts.TC7_Get_ALL_RealApi.testCase7(TC7_Get_ALL_RealApi.java:26)
	at sun.reflect.NativeMethodAccessorImpl.invoke0(Native Method)
	at sun.reflect.NativeMethodAccessorImpl.invoke(Unknown Source)
	at sun.reflect.DelegatingMethodAccessorImpl.invoke(Unknown Source)
	at java.lang.reflect.Method.invoke(Unknown Source)
	at org.testng.internal.MethodInvocationHelper.invokeMethod(MethodInvocationHelper.java:108)
	at org.testng.internal.Invoker.invokeMethod(Invoker.java:661)
	at org.testng.internal.Invoker.invokeTestMethod(Invoker.java:869)
	at org.testng.internal.Invoker.invokeTestMethods(Invoker.java:1193)
	at org.testng.internal.TestMethodWorker.invokeTestMethods(TestMethodWorker.java:126)
	at org.testng.internal.TestMethodWorker.run(TestMethodWorker.java:109)
	at org.testng.TestRunner.privateRun(TestRunner.java:744)
	at org.testng.TestRunner.run(TestRunner.java:602)
	at org.testng.SuiteRunner.runTest(SuiteRunner.java:380)
	at org.testng.SuiteRunner.runSequentially(SuiteRunner.java:375)
	at org.testng.SuiteRunner.privateRun(SuiteRunner.java:340)
	at org.testng.SuiteRunner.run(SuiteRunner.java:289)
	at org.testng.SuiteRunnerWorker.runSuite(SuiteRunnerWorker.java:52)
	at org.testng.SuiteRunnerWorker.run(SuiteRunnerWorker.java:86)
	at org.testng.TestNG.runSuitesSequentially(TestNG.java:1301)
	at org.testng.TestNG.runSuitesLocally(TestNG.java:1226)
	at org.testng.TestNG.runSuites(TestNG.java:1144)
	at org.testng.TestNG.run(TestNG.java:1115)
	at org.testng.remote.AbstractRemoteTestNG.run(AbstractRemoteTestNG.java:115)
	at org.testng.remote.RemoteTestNG.initAndRun(RemoteTestNG.java:251)
	at org.testng.remote.RemoteTestNG.main(RemoteTestNG.java:77)
]]>
            </full-stacktrace>
          </exception> <!-- org.json.JSONException -->
          <reporter-output>
          </reporter-output>
        </test-method> <!-- testCase7 -->
      </class> <!-- org.testing.testScripts.TC7_Get_ALL_RealApi -->
      <class name="org.testing.testScripts.TC6_Post_RealApi">
        <test-method status="PASS" signature="testCase6()[pri:0, instance:org.testing.testScripts.TC6_Post_RealApi@482cd91f]" name="testCase6" duration-ms="12745" started-at="2023-06-22T16:20:09Z" finished-at="2023-06-22T16:20:21Z">
          <reporter-output>
          </reporter-output>
        </test-method> <!-- testCase6 -->
      </class> <!-- org.testing.testScripts.TC6_Post_RealApi -->
      <class name="org.testing.testScripts.TC5_DeleteRequest">
        <test-method status="PASS" signature="testcase5()[pri:0, instance:org.testing.testScripts.TC5_DeleteRequest@3ec300f1]" name="testcase5" duration-ms="29" started-at="2023-06-22T16:20:08Z" finished-at="2023-06-22T16:20:09Z">
          <reporter-output>
          </reporter-output>
        </test-method> <!-- testcase5 -->
      </class> <!-- org.testing.testScripts.TC5_DeleteRequest -->
      <class name="org.testing.testScripts.TC10_Delete_RealApi">
        <test-method status="PASS" signature="testCase10()[pri:0, instance:org.testing.testScripts.TC10_Delete_RealApi@75c072cb]" name="testCase10" duration-ms="1691" started-at="2023-06-22T16:20:26Z" finished-at="2023-06-22T16:20:28Z">
          <reporter-output>
          </reporter-output>
        </test-method> <!-- testCase10 -->
      </class> <!-- org.testing.testScripts.TC10_Delete_RealApi -->
      <class name="org.testing.testScripts.TC9_Update_RealApi">
        <test-method status="PASS" signature="testCase9()[pri:0, instance:org.testing.testScripts.TC9_Update_RealApi@5b0abc94]" name="testCase9" duration-ms="1650" started-at="2023-06-22T16:20:25Z" finished-at="2023-06-22T16:20:26Z">
          <reporter-output>
          </reporter-output>
        </test-method> <!-- testCase9 -->
      </class> <!-- org.testing.testScripts.TC9_Update_RealApi -->
      <class name="org.testing.testScripts.TC_1a_Postrequest_Random">
        <test-method status="PASS" signature="testCase1()[pri:0, instance:org.testing.testScripts.TC_1a_Postrequest_Random@2145433b]" name="testCase1" duration-ms="943" started-at="2023-06-22T16:20:07Z" finished-at="2023-06-22T16:20:08Z">
          <reporter-output>
          </reporter-output>
        </test-method> <!-- testCase1 -->
      </class> <!-- org.testing.testScripts.TC_1a_Postrequest_Random -->
      <class name="org.testing.testScripts.TC4_UpdateRecord">
        <test-method status="PASS" signature="testcase4()[pri:0, instance:org.testing.testScripts.TC4_UpdateRecord@105fece7]" name="testcase4" duration-ms="31" started-at="2023-06-22T16:20:08Z" finished-at="2023-06-22T16:20:08Z">
          <reporter-output>
          </reporter-output>
        </test-method> <!-- testcase4 -->
      </class> <!-- org.testing.testScripts.TC4_UpdateRecord -->
      <class name="org.testing.testScripts.TC8_Get_Particular_RealApi">
        <test-method status="PASS" signature="testCase8()[pri:0, instance:org.testing.testScripts.TC8_Get_Particular_RealApi@7d68ef40]" name="testCase8" duration-ms="1810" started-at="2023-06-22T16:20:23Z" finished-at="2023-06-22T16:20:25Z">
          <reporter-output>
          </reporter-output>
        </test-method> <!-- testCase8 -->
      </class> <!-- org.testing.testScripts.TC8_Get_Particular_RealApi -->
      <class name="org.testing.testScripts.TC3_GetParticularRecord">
        <test-method status="PASS" signature="testcase3()[pri:0, instance:org.testing.testScripts.TC3_GetParticularRecord@1b083826]" name="testcase3" duration-ms="50" started-at="2023-06-22T16:20:08Z" finished-at="2023-06-22T16:20:08Z">
          <reporter-output>
          </reporter-output>
        </test-method> <!-- testcase3 -->
      </class> <!-- org.testing.testScripts.TC3_GetParticularRecord -->
    </test> <!-- Test -->
  </suite> <!-- Suite -->
</testng-results>
