<?xml version="1.0" encoding="UTF-8"?>
<testng-results skipped="0" failed="0" ignored="0" total="5" passed="5">
  <reporter-output>
  </reporter-output>
  <suite name="Suite" duration-ms="20748" started-at="2023-06-22T11:29:13Z" finished-at="2023-06-22T11:29:34Z">
    <groups>
    </groups>
    <test name="Test" duration-ms="20748" started-at="2023-06-22T11:29:13Z" finished-at="2023-06-22T11:29:34Z">
      <class name="org.testing.testScripts.TC7_Get_ALL_RealApi">
        <test-method status="PASS" signature="testCase7()[pri:0, instance:org.testing.testScripts.TC7_Get_ALL_RealApi@57f23557]" name="testCase7" duration-ms="1702" started-at="2023-06-22T16:59:27Z" finished-at="2023-06-22T16:59:29Z">
          <reporter-output>
          </reporter-output>
        </test-method> <!-- testCase7 -->
      </class> <!-- org.testing.testScripts.TC7_Get_ALL_RealApi -->
      <class name="org.testing.testScripts.TC6_Post_RealApi">
        <test-method status="PASS" signature="testCase6()[pri:0, instance:org.testing.testScripts.TC6_Post_RealApi@5427c60c]" name="testCase6" duration-ms="14014" started-at="2023-06-22T16:59:13Z" finished-at="2023-06-22T16:59:27Z">
          <reporter-output>
          </reporter-output>
        </test-method> <!-- testCase6 -->
      </class> <!-- org.testing.testScripts.TC6_Post_RealApi -->
      <class name="org.testing.testScripts.TC10_Delete_RealApi">
        <test-method status="PASS" signature="testCase10()[pri:0, instance:org.testing.testScripts.TC10_Delete_RealApi@44f75083]" name="testCase10" duration-ms="1668" started-at="2023-06-22T16:59:32Z" finished-at="2023-06-22T16:59:34Z">
          <reporter-output>
          </reporter-output>
        </test-method> <!-- testCase10 -->
      </class> <!-- org.testing.testScripts.TC10_Delete_RealApi -->
      <class name="org.testing.testScripts.TC9_Update_RealApi">
        <test-method status="PASS" signature="testCase9()[pri:0, instance:org.testing.testScripts.TC9_Update_RealApi@6366ebe0]" name="testCase9" duration-ms="1673" started-at="2023-06-22T16:59:30Z" finished-at="2023-06-22T16:59:32Z">
          <reporter-output>
          </reporter-output>
        </test-method> <!-- testCase9 -->
      </class> <!-- org.testing.testScripts.TC9_Update_RealApi -->
      <class name="org.testing.testScripts.TC8_Get_Particular_RealApi">
        <test-method status="PASS" signature="testCase8()[pri:0, instance:org.testing.testScripts.TC8_Get_Particular_RealApi@3d0f8e03]" name="testCase8" duration-ms="1669" started-at="2023-06-22T16:59:29Z" finished-at="2023-06-22T16:59:30Z">
          <reporter-output>
          </reporter-output>
        </test-method> <!-- testCase8 -->
      </class> <!-- org.testing.testScripts.TC8_Get_Particular_RealApi -->
    </test> <!-- Test -->
  </suite> <!-- Suite -->
</testng-results>
